Running: fuse.exe -relaunch -intstyle "ise" -incremental -lib "unisims_ver" -lib "unimacro_ver" -lib "xilinxcorelib_ver" -lib "secureip" -o "D:/EDA/eth/eth/tb_data_isim_beh.exe" -prj "D:/EDA/eth/eth/tb_data_beh.prj" "work.tb_data" "work.glbl" 
ISim P.20131013 (signature 0x7708f090)
Number of CPUs detected in this system: 4
Turning on mult-threading, number of parallel sub-compilation jobs: 8 
Determining compilation order of HDL files
Analyzing Verilog file "D:/EDA/eth/eth/data_send.v" into library work
Analyzing Verilog file "D:/EDA/eth/eth/tb_data.v" into library work
Analyzing Verilog file "E:/Xilink/14.7/ISE_DS/ISE//verilog/src/glbl.v" into library work
Starting static elaboration
Completed static elaboration
Compiling module data_send
Compiling module tb_data
Compiling module glbl
Time Resolution for simulation is 1ps.
Waiting for 1 sub-compilation(s) to finish...
WARNING:Simulator - Unable to copy libPortabilityNOSH.dll to the simulation executable directory: boost::filesystem::copy_file: 系统找不到指定的路径。, "isim\tb_data_isim_beh.exe.sim\libPortability.dll".
Compiled 3 Verilog Units
Built simulation executable D:/EDA/eth/eth/tb_data_isim_beh.exe
Fuse Memory Usage: 28252 KB
Fuse CPU Usage: 1124 ms
